Unity Editor version:    6000.0.33f1 (433b0a79340b)
Branch:                  6000.0/staging
Build type:              Release
Batch mode:              YES
macOS version:           Version 14.1.1 (Build 23B81)
Darwin version:          23.1.0
Architecture:            x86_64
Running under Rosetta:   YES
Available memory:        8192 MB
Using pre-set license
Pro License: YES

COMMAND LINE ARGUMENTS:
/Applications/Unity/Hub/Editor/6000.0.33f1/Unity.app/Contents/MacOS/Unity
-adb2
-batchMode
-noUpm
-name
AssetImportWorker0
-projectPath
/Users/francksicari/Desktop/moodboard_proj_santiago/Master-s-Project
-logFile
Logs/AssetImportWorker0.log
-srvPort
49559
-job-worker-count
3
-background-job-worker-count
8
-gc-helper-count
1
Successfully changed project path to: /Users/francksicari/Desktop/moodboard_proj_santiago/Master-s-Project
/Users/francksicari/Desktop/moodboard_proj_santiago/Master-s-Project
[UnityMemory] Configuration Parameters - Can be set up in boot.config
    "memorysetup-bucket-allocator-granularity=16"
    "memorysetup-bucket-allocator-bucket-count=8"
    "memorysetup-bucket-allocator-block-size=33554432"
    "memorysetup-bucket-allocator-block-count=8"
    "memorysetup-main-allocator-block-size=16777216"
    "memorysetup-thread-allocator-block-size=16777216"
    "memorysetup-gfx-main-allocator-block-size=16777216"
    "memorysetup-gfx-thread-allocator-block-size=16777216"
    "memorysetup-cache-allocator-block-size=4194304"
    "memorysetup-typetree-allocator-block-size=2097152"
    "memorysetup-profiler-bucket-allocator-granularity=16"
    "memorysetup-profiler-bucket-allocator-bucket-count=8"
    "memorysetup-profiler-bucket-allocator-block-size=33554432"
    "memorysetup-profiler-bucket-allocator-block-count=8"
    "memorysetup-profiler-allocator-block-size=16777216"
    "memorysetup-profiler-editor-allocator-block-size=1048576"
    "memorysetup-temp-allocator-size-main=16777216"
    "memorysetup-job-temp-allocator-block-size=2097152"
    "memorysetup-job-temp-allocator-block-size-background=1048576"
    "memorysetup-job-temp-allocator-reduction-small-platforms=262144"
    "memorysetup-allocator-temp-initial-block-size-main=262144"
    "memorysetup-allocator-temp-initial-block-size-worker=262144"
    "memorysetup-temp-allocator-size-background-worker=32768"
    "memorysetup-temp-allocator-size-job-worker=262144"
    "memorysetup-temp-allocator-size-preload-manager=33554432"
    "memorysetup-temp-allocator-size-nav-mesh-worker=65536"
    "memorysetup-temp-allocator-size-audio-worker=65536"
    "memorysetup-temp-allocator-size-cloud-worker=32768"
    "memorysetup-temp-allocator-size-gi-baking-worker=262144"
    "memorysetup-temp-allocator-size-gi-baking-worker=262144"
    "memorysetup-temp-allocator-size-gi-baking-worker=262144"
    "memorysetup-temp-allocator-size-gi-baking-worker=262144"
    "memorysetup-temp-allocator-size-gi-baking-worker=262144"
    "memorysetup-temp-allocator-size-gfx=262144"
Player connection [8713318976]  Target information:

Player connection [8713318976]  * "[IP] 192.168.1.152 [Port] 0 [Flags] 2 [Guid] 105555715 [EditorId] 105555715 [Version] 1048832 [Id] OSXEditor(0,Mini-de-Franck.numericable.fr) [Debug] 1 [PackageName] OSXEditor [ProjectName] Editor" 

Player connection [8713318976] Host joined multi-casting on [225.0.0.222:54997]...
Player connection [8713318976] Host joined alternative multi-casting on [225.0.0.222:34997]...
JobSystem: Creating JobQueue using job-worker-count value 3
[Physics::Module] Initialized fallback backend.
[Physics::Module] Id: 0xdecafbad
Library Redirect Path: Library/
[Physics::Module] Selected backend.
[Physics::Module] Name: PhysX
[Physics::Module] Id: 0xf2b8ea05
[Physics::Module] SDK Version: 4.1.2
[Physics::Module] Integration Version: 1.0.0
[Physics::Module] Threading Mode: Multi-Threaded
Refreshing native plugins compatible for Editor in 0.00 ms, found 0 plugins.
Preloading 0 native plugins for Editor in 0.00 ms.
Initialize engine version: 6000.0.33f1 (433b0a79340b)
[Subsystems] Discovering subsystems at path /Applications/Unity/Hub/Editor/6000.0.33f1/Unity.app/Contents/Resources/UnitySubsystems
[Subsystems] Discovering subsystems at path /Users/francksicari/Desktop/moodboard_proj_santiago/Master-s-Project/Assets
GfxDevice: creating device client; kGfxThreadingModeNonThreaded
 preferred device: Apple M2 (high power)
Metal devices available: 1
0: Apple M2 (high power)
Using device Apple M2 (high power)
Initializing Metal device caps: Apple M2
Initialize mono
Mono path[0] = '/Applications/Unity/Hub/Editor/6000.0.33f1/Unity.app/Contents/Managed'
Mono path[1] = '/Applications/Unity/Hub/Editor/6000.0.33f1/Unity.app/Contents/MonoBleedingEdge/lib/mono/unityjit-macos'
Mono config path = '/Applications/Unity/Hub/Editor/6000.0.33f1/Unity.app/Contents/MonoBleedingEdge/etc'
Using monoOptions --debugger-agent=transport=dt_socket,embedding=1,server=y,suspend=n,address=127.0.0.1:56460
Begin MonoManager ReloadAssembly
Registering precompiled unity dll's ...
Register platform support module: /Applications/Unity/Hub/Editor/6000.0.33f1/Unity.app/Contents/PlaybackEngines/MacStandaloneSupport/UnityEditor.OSXStandalone.Extensions.dll
Register platform support module: /Applications/Unity/Hub/Editor/6000.0.33f1/PlaybackEngines/WindowsStandaloneSupport/UnityEditor.WindowsStandalone.Extensions.dll
Registered in 0.003145 seconds.
- Loaded All Assemblies, in  0.640 seconds
Native extension for WindowsStandalone target not found
Native extension for OSXStandalone target not found
Mono: successfully reloaded assembly
- Finished resetting the current domain, in  1.632 seconds
Domain Reload Profiling: 2273ms
	BeginReloadAssembly (251ms)
		ExecutionOrderSort (0ms)
		DisableScriptedObjects (0ms)
		BackupInstance (0ms)
		ReleaseScriptingObjects (0ms)
		CreateAndSetChildDomain (3ms)
	RebuildCommonClasses (43ms)
	RebuildNativeTypeToScriptingClass (13ms)
	initialDomainReloadingComplete (138ms)
	LoadAllAssembliesAndSetupDomain (195ms)
		LoadAssemblies (249ms)
		RebuildTransferFunctionScriptingTraits (0ms)
		AnalyzeDomain (186ms)
			TypeCache.Refresh (182ms)
				TypeCache.ScanAssembly (164ms)
			BuildScriptInfoCaches (0ms)
			ResolveRequiredComponents (2ms)
	FinalizeReload (1633ms)
		ReleaseScriptCaches (0ms)
		RebuildScriptCaches (0ms)
		SetupLoadedEditorAssemblies (1544ms)
			LogAssemblyErrors (0ms)
			InitializePlatformSupportModulesInManaged (202ms)
			SetLoadedEditorAssemblies (12ms)
			BeforeProcessingInitializeOnLoad (308ms)
			ProcessInitializeOnLoadAttributes (636ms)
			ProcessInitializeOnLoadMethodAttributes (386ms)
			AfterProcessingInitializeOnLoad (0ms)
			EditorAssembliesLoaded (1ms)
		ExecutionOrderSort2 (0ms)
		AwakeInstancesAfterBackupRestoration (0ms)
========================================================================
Worker process is ready to serve import requests
Import Worker Mode flag is 0x00
Begin MonoManager ReloadAssembly
- Loaded All Assemblies, in  0.482 seconds
Refreshing native plugins compatible for Editor in 0.00 ms, found 0 plugins.
Native extension for WindowsStandalone target not found
Native extension for OSXStandalone target not found
Mono: successfully reloaded assembly
- Finished resetting the current domain, in  1.509 seconds
Domain Reload Profiling: 1993ms
	BeginReloadAssembly (343ms)
		ExecutionOrderSort (0ms)
		DisableScriptedObjects (42ms)
		BackupInstance (0ms)
		ReleaseScriptingObjects (0ms)
		CreateAndSetChildDomain (49ms)
	RebuildCommonClasses (44ms)
	RebuildNativeTypeToScriptingClass (14ms)
	initialDomainReloadingComplete (57ms)
	LoadAllAssembliesAndSetupDomain (24ms)
		LoadAssemblies (156ms)
		RebuildTransferFunctionScriptingTraits (0ms)
		AnalyzeDomain (16ms)
			TypeCache.Refresh (10ms)
				TypeCache.ScanAssembly (4ms)
			BuildScriptInfoCaches (4ms)
			ResolveRequiredComponents (1ms)
	FinalizeReload (1511ms)
		ReleaseScriptCaches (0ms)
		RebuildScriptCaches (0ms)
		SetupLoadedEditorAssemblies (1063ms)
			LogAssemblyErrors (0ms)
			InitializePlatformSupportModulesInManaged (19ms)
			SetLoadedEditorAssemblies (17ms)
			BeforeProcessingInitializeOnLoad (288ms)
			ProcessInitializeOnLoadAttributes (588ms)
			ProcessInitializeOnLoadMethodAttributes (150ms)
			AfterProcessingInitializeOnLoad (1ms)
			EditorAssembliesLoaded (0ms)
		ExecutionOrderSort2 (0ms)
		AwakeInstancesAfterBackupRestoration (18ms)
Launching external process: /Applications/Unity/Hub/Editor/6000.0.33f1/Unity.app/Contents/Tools/UnityShaderCompiler
Launched and connected shader compiler UnityShaderCompiler after 0.56 seconds
Refreshing native plugins compatible for Editor in 0.00 ms, found 0 plugins.
Preloading 0 native plugins for Editor in 0.00 ms.
Unloading 6 Unused Serialized files (Serialized files now loaded: 0)
Unloading 66 unused Assets / (31.3 KB). Loaded Objects now: 579.
Memory consumption went from 68.1 MB to 68.0 MB.
Total: 4.666583 ms (FindLiveObjects: 0.202875 ms CreateObjectMapping: 0.006541 ms MarkObjects: 4.202500 ms  DeleteObjects: 0.254208 ms)

========================================================================
Received Import Request.
  Time since last request: 5111.690830 seconds.
  path: Assets/TutorialInfo/Icons/HDRP.png
  artifactKey: Guid(d19680cd422524695938fbe55cc3b3bd) Importer(815301076,1909f56bfc062723c751e8b465ee728b)
Start importing Assets/TutorialInfo/Icons/HDRP.png using Guid(d19680cd422524695938fbe55cc3b3bd) Importer(815301076,1909f56bfc062723c751e8b465ee728b) (PreviewImporter) -> (artifact id: '48626d24070eb06d35fc5492456a3504') in 0.231926 seconds
Number of updated asset objects reloaded before import = 0Number of asset objects unloaded after import = 2

========================================================================
Received Import Request.
  Time since last request: 141.829792 seconds.
  path: Assets/3D Haven/Free Fantasy Terrain Textures/Textures/1K Resolution/3DH FTT Cliff_001 1K.png
  artifactKey: Guid(02f172ba43ed44741a8b3bd602b1a5ac) Importer(815301076,1909f56bfc062723c751e8b465ee728b)
Start importing Assets/3D Haven/Free Fantasy Terrain Textures/Textures/1K Resolution/3DH FTT Cliff_001 1K.png using Guid(02f172ba43ed44741a8b3bd602b1a5ac) Importer(815301076,1909f56bfc062723c751e8b465ee728b) (PreviewImporter) -> (artifact id: 'e822e204ec9fd8085e68e943fb63f2a0') in 0.030265209 seconds
Number of updated asset objects reloaded before import = 0Number of asset objects unloaded after import = 2

========================================================================
Received Import Request.
  Time since last request: 0.000428 seconds.
  path: Assets/3D Haven/Free Fantasy Terrain Textures/Textures/512 Resolution/3DH FTT Grass_002 Dirt_001 512.png
  artifactKey: Guid(b51199bf4e33f7046bb9ffa5225c5b5a) Importer(815301076,1909f56bfc062723c751e8b465ee728b)
Start importing Assets/3D Haven/Free Fantasy Terrain Textures/Textures/512 Resolution/3DH FTT Grass_002 Dirt_001 512.png using Guid(b51199bf4e33f7046bb9ffa5225c5b5a) Importer(815301076,1909f56bfc062723c751e8b465ee728b) (PreviewImporter) -> (artifact id: 'd75006fa5ad105fe530e271bba2b7434') in 0.01373825 seconds
Number of updated asset objects reloaded before import = 0Number of asset objects unloaded after import = 2

========================================================================
Received Import Request.
  Time since last request: 0.000082 seconds.
  path: Assets/3D Haven/Free Fantasy Terrain Textures/Textures/2K Resolution/3DH FTT ForestGround_001 2K.png
  artifactKey: Guid(c001fc0c195f3974fb817b2f995d54c9) Importer(815301076,1909f56bfc062723c751e8b465ee728b)
Start importing Assets/3D Haven/Free Fantasy Terrain Textures/Textures/2K Resolution/3DH FTT ForestGround_001 2K.png using Guid(c001fc0c195f3974fb817b2f995d54c9) Importer(815301076,1909f56bfc062723c751e8b465ee728b) (PreviewImporter) -> (artifact id: 'd79fe0f95429c8b798f39edf7f18fcb5') in 0.006797209 seconds
Number of updated asset objects reloaded before import = 0Number of asset objects unloaded after import = 2

========================================================================
Received Import Request.
  Time since last request: 0.000321 seconds.
  path: Assets/3D Haven/Free Fantasy Terrain Textures/Textures/1K Resolution/3DH FTT ForestGround_001 Grass_002 1K.png
  artifactKey: Guid(2862d24a5e6d6c049be2492f76bc1c2c) Importer(815301076,1909f56bfc062723c751e8b465ee728b)
Start importing Assets/3D Haven/Free Fantasy Terrain Textures/Textures/1K Resolution/3DH FTT ForestGround_001 Grass_002 1K.png using Guid(2862d24a5e6d6c049be2492f76bc1c2c) Importer(815301076,1909f56bfc062723c751e8b465ee728b) (PreviewImporter) -> (artifact id: '0d1ead3ed04b9d20dc6165c0723f4958') in 0.010085208 seconds
Number of updated asset objects reloaded before import = 0Number of asset objects unloaded after import = 2

========================================================================
Received Import Request.
  Time since last request: 0.000383 seconds.
  path: Assets/3D Haven/Free Fantasy Terrain Textures/Textures/4K Resolution/3DH FTT Dirt_002a 4K.png
  artifactKey: Guid(ea4943297098ba5499942bfe4acf559e) Importer(815301076,1909f56bfc062723c751e8b465ee728b)
Start importing Assets/3D Haven/Free Fantasy Terrain Textures/Textures/4K Resolution/3DH FTT Dirt_002a 4K.png using Guid(ea4943297098ba5499942bfe4acf559e) Importer(815301076,1909f56bfc062723c751e8b465ee728b) (PreviewImporter) -> (artifact id: '6d8b26c68300708dc2b83cbe06dd9b97') in 0.015958458 seconds
Number of updated asset objects reloaded before import = 0Number of asset objects unloaded after import = 2

========================================================================
Received Import Request.
  Time since last request: 0.000294 seconds.
  path: Assets/3D Haven/Free Fantasy Terrain Textures/Textures/1K Resolution/3DH FTT Grass_002 Dirt_001 1K.png
  artifactKey: Guid(f5912f36d334ed541baa86076c53f4fa) Importer(815301076,1909f56bfc062723c751e8b465ee728b)
Start importing Assets/3D Haven/Free Fantasy Terrain Textures/Textures/1K Resolution/3DH FTT Grass_002 Dirt_001 1K.png using Guid(f5912f36d334ed541baa86076c53f4fa) Importer(815301076,1909f56bfc062723c751e8b465ee728b) (PreviewImporter) -> (artifact id: 'e9ff0bfe38493564035c81e3d4e6fe74') in 0.005565833 seconds
Number of updated asset objects reloaded before import = 0Number of asset objects unloaded after import = 2

========================================================================
Received Import Request.
  Time since last request: 0.000199 seconds.
  path: Assets/3D Haven/Free Fantasy Terrain Textures/Textures/4K Resolution/3DH FTT Cliff_001 4K.png
  artifactKey: Guid(275844e622956564082767955338a997) Importer(815301076,1909f56bfc062723c751e8b465ee728b)
Start importing Assets/3D Haven/Free Fantasy Terrain Textures/Textures/4K Resolution/3DH FTT Cliff_001 4K.png using Guid(275844e622956564082767955338a997) Importer(815301076,1909f56bfc062723c751e8b465ee728b) (PreviewImporter) -> (artifact id: '9133583d3583aaaa8387e6e0a2fc7b04') in 0.012575625 seconds
Number of updated asset objects reloaded before import = 0Number of asset objects unloaded after import = 2

========================================================================
Received Import Request.
  Time since last request: 0.000149 seconds.
  path: Assets/3D Haven/Free Fantasy Terrain Textures/Textures/512 Resolution/3DH FTT Dirt_001 512.png
  artifactKey: Guid(f7cf7400f7f25c14d8d788dcbc241735) Importer(815301076,1909f56bfc062723c751e8b465ee728b)
Start importing Assets/3D Haven/Free Fantasy Terrain Textures/Textures/512 Resolution/3DH FTT Dirt_001 512.png using Guid(f7cf7400f7f25c14d8d788dcbc241735) Importer(815301076,1909f56bfc062723c751e8b465ee728b) (PreviewImporter) -> (artifact id: '74d630a060ca6d90d450bc9b142f096c') in 0.005145542 seconds
Number of updated asset objects reloaded before import = 0Number of asset objects unloaded after import = 2

========================================================================
Received Import Request.
  Time since last request: 0.000366 seconds.
  path: Assets/3D Haven/Free Fantasy Terrain Textures/Textures/512 Resolution/3DH FTT ForestGround_001 Grass_002 512.png
  artifactKey: Guid(02a2ec7fba35adb4da2e37bc47fcb836) Importer(815301076,1909f56bfc062723c751e8b465ee728b)
Start importing Assets/3D Haven/Free Fantasy Terrain Textures/Textures/512 Resolution/3DH FTT ForestGround_001 Grass_002 512.png using Guid(02a2ec7fba35adb4da2e37bc47fcb836) Importer(815301076,1909f56bfc062723c751e8b465ee728b) (PreviewImporter) -> (artifact id: '19abfeeb145e2f34eaa0e5c756fa1ac1') in 0.005809416 seconds
Number of updated asset objects reloaded before import = 0Number of asset objects unloaded after import = 2

========================================================================
Received Import Request.
  Time since last request: 0.000206 seconds.
  path: Assets/3D Haven/Free Fantasy Terrain Textures/Textures/2K Resolution/3DH FTT ForestGround_001 Grass_002 2K.png
  artifactKey: Guid(55a38b21135b1944eb3cd4020b8a3b44) Importer(815301076,1909f56bfc062723c751e8b465ee728b)
Start importing Assets/3D Haven/Free Fantasy Terrain Textures/Textures/2K Resolution/3DH FTT ForestGround_001 Grass_002 2K.png using Guid(55a38b21135b1944eb3cd4020b8a3b44) Importer(815301076,1909f56bfc062723c751e8b465ee728b) (PreviewImporter) -> (artifact id: '9973a55c358a1e4a55511e157cac7bfa') in 0.007038167 seconds
Number of updated asset objects reloaded before import = 0Number of asset objects unloaded after import = 2

========================================================================
Received Import Request.
  Time since last request: 0.000146 seconds.
  path: Assets/3D Haven/Free Fantasy Terrain Textures/Textures/4K Resolution/3DH FTT Grass_002 Grass_001b 4K.png
  artifactKey: Guid(6bc1bcfe332c1424cbdb867fabedd489) Importer(815301076,1909f56bfc062723c751e8b465ee728b)
Start importing Assets/3D Haven/Free Fantasy Terrain Textures/Textures/4K Resolution/3DH FTT Grass_002 Grass_001b 4K.png using Guid(6bc1bcfe332c1424cbdb867fabedd489) Importer(815301076,1909f56bfc062723c751e8b465ee728b) (PreviewImporter) -> (artifact id: '2cbbfdff1af43efb9a2195b29099a774') in 0.012702291 seconds
Number of updated asset objects reloaded before import = 0Number of asset objects unloaded after import = 2

========================================================================
Received Import Request.
  Time since last request: 0.000138 seconds.
  path: Assets/3D Haven/Free Fantasy Terrain Textures/Textures/512 Resolution/3DH FTT Path_001 512.png
  artifactKey: Guid(ff56fd7450d500c44889ab75e4bce2d8) Importer(815301076,1909f56bfc062723c751e8b465ee728b)
Start importing Assets/3D Haven/Free Fantasy Terrain Textures/Textures/512 Resolution/3DH FTT Path_001 512.png using Guid(ff56fd7450d500c44889ab75e4bce2d8) Importer(815301076,1909f56bfc062723c751e8b465ee728b) (PreviewImporter) -> (artifact id: '7e366d5fc67dfd7bf135bde3868d99b9') in 0.004525625 seconds
Number of updated asset objects reloaded before import = 0Number of asset objects unloaded after import = 2

========================================================================
Received Import Request.
  Time since last request: 0.000118 seconds.
  path: Assets/3D Haven/Free Fantasy Terrain Textures/Textures/1K Resolution/3DH FTT Grass_002 Rocks_001 1K.png
  artifactKey: Guid(bebb062f20e6a2f409ae57cf3ab4f946) Importer(815301076,1909f56bfc062723c751e8b465ee728b)
Start importing Assets/3D Haven/Free Fantasy Terrain Textures/Textures/1K Resolution/3DH FTT Grass_002 Rocks_001 1K.png using Guid(bebb062f20e6a2f409ae57cf3ab4f946) Importer(815301076,1909f56bfc062723c751e8b465ee728b) (PreviewImporter) -> (artifact id: '2a07721a63f221dcb093cd9b8e32b80c') in 0.006531209 seconds
Number of updated asset objects reloaded before import = 0Number of asset objects unloaded after import = 2

========================================================================
Received Import Request.
  Time since last request: 0.000223 seconds.
  path: Assets/3D Haven/Free Fantasy Terrain Textures/Textures/512 Resolution/3DH FTT Grass_002 Grass_001b 512.png
  artifactKey: Guid(652ca7e2829f0624f971542250a2361f) Importer(815301076,1909f56bfc062723c751e8b465ee728b)
Start importing Assets/3D Haven/Free Fantasy Terrain Textures/Textures/512 Resolution/3DH FTT Grass_002 Grass_001b 512.png using Guid(652ca7e2829f0624f971542250a2361f) Importer(815301076,1909f56bfc062723c751e8b465ee728b) (PreviewImporter) -> (artifact id: 'a53737a9b6c3b9065840fb88ebb488ce') in 0.007154125 seconds
Number of updated asset objects reloaded before import = 0Number of asset objects unloaded after import = 2

========================================================================
Received Import Request.
  Time since last request: 0.000084 seconds.
  path: Assets/3D Haven/Free Fantasy Terrain Textures/Textures/2K Resolution/3DH FTT Grass_002 Dirt_001 2K.png
  artifactKey: Guid(179e0c2aaf5171543a52e98d8e15360f) Importer(815301076,1909f56bfc062723c751e8b465ee728b)
Start importing Assets/3D Haven/Free Fantasy Terrain Textures/Textures/2K Resolution/3DH FTT Grass_002 Dirt_001 2K.png using Guid(179e0c2aaf5171543a52e98d8e15360f) Importer(815301076,1909f56bfc062723c751e8b465ee728b) (PreviewImporter) -> (artifact id: 'dc3e62accace51eed07ffbe78b3965ba') in 0.00645475 seconds
Number of updated asset objects reloaded before import = 0Number of asset objects unloaded after import = 2

========================================================================
Received Import Request.
  Time since last request: 0.000042 seconds.
  path: Assets/3D Haven/Free Fantasy Terrain Textures/Textures/2K Resolution/3DH FTT Dirt_001 2K.png
  artifactKey: Guid(f7e09274236a49c4ba205de0738a1886) Importer(815301076,1909f56bfc062723c751e8b465ee728b)
Start importing Assets/3D Haven/Free Fantasy Terrain Textures/Textures/2K Resolution/3DH FTT Dirt_001 2K.png using Guid(f7e09274236a49c4ba205de0738a1886) Importer(815301076,1909f56bfc062723c751e8b465ee728b) (PreviewImporter) -> (artifact id: 'f7cacbcf2dc47a2d320be3310a2d91c9') in 0.007786 seconds
Number of updated asset objects reloaded before import = 0Number of asset objects unloaded after import = 2

========================================================================
Received Import Request.
  Time since last request: 0.000140 seconds.
  path: Assets/3D Haven/Free Fantasy Terrain Textures/Textures/1K Resolution/3DH FTT Dirt_002a 1K.png
  artifactKey: Guid(5020511136143724ea1108909fdadc7a) Importer(815301076,1909f56bfc062723c751e8b465ee728b)
Start importing Assets/3D Haven/Free Fantasy Terrain Textures/Textures/1K Resolution/3DH FTT Dirt_002a 1K.png using Guid(5020511136143724ea1108909fdadc7a) Importer(815301076,1909f56bfc062723c751e8b465ee728b) (PreviewImporter) -> (artifact id: 'f8eb48c65ef73b23f1dd82ac063ea9f6') in 0.006286541 seconds
Number of updated asset objects reloaded before import = 0Number of asset objects unloaded after import = 2

========================================================================
Received Import Request.
  Time since last request: 0.000214 seconds.
  path: Assets/3D Haven/Free Fantasy Terrain Textures/Textures/1K Resolution/3DH FTT ForestGround_001 1K.png
  artifactKey: Guid(00ced6628f099374ebf7475a8b513648) Importer(815301076,1909f56bfc062723c751e8b465ee728b)
Start importing Assets/3D Haven/Free Fantasy Terrain Textures/Textures/1K Resolution/3DH FTT ForestGround_001 1K.png using Guid(00ced6628f099374ebf7475a8b513648) Importer(815301076,1909f56bfc062723c751e8b465ee728b) (PreviewImporter) -> (artifact id: '51e603263bf293f31e0a18d355fc78a6') in 0.007714041 seconds
Number of updated asset objects reloaded before import = 0Number of asset objects unloaded after import = 2

========================================================================
Received Import Request.
  Time since last request: 0.000143 seconds.
  path: Assets/3D Haven/Free Fantasy Terrain Textures/Textures/1K Resolution/3DH FTT Path_001 Abandoned_002 1K.png
  artifactKey: Guid(ba9569097e4cc2e4a821e2521bffe3a1) Importer(815301076,1909f56bfc062723c751e8b465ee728b)
Start importing Assets/3D Haven/Free Fantasy Terrain Textures/Textures/1K Resolution/3DH FTT Path_001 Abandoned_002 1K.png using Guid(ba9569097e4cc2e4a821e2521bffe3a1) Importer(815301076,1909f56bfc062723c751e8b465ee728b) (PreviewImporter) -> (artifact id: '31bc542ec6674d50437c650ada089e8e') in 0.006737 seconds
Number of updated asset objects reloaded before import = 0Number of asset objects unloaded after import = 2

========================================================================
Received Import Request.
  Time since last request: 0.000125 seconds.
  path: Assets/3D Haven/Free Fantasy Terrain Textures/Textures/1K Resolution/3DH FTT Dirt_001_Mossy 1K.png
  artifactKey: Guid(49b8f8bd232e4394a9948ed155fe1516) Importer(815301076,1909f56bfc062723c751e8b465ee728b)
Start importing Assets/3D Haven/Free Fantasy Terrain Textures/Textures/1K Resolution/3DH FTT Dirt_001_Mossy 1K.png using Guid(49b8f8bd232e4394a9948ed155fe1516) Importer(815301076,1909f56bfc062723c751e8b465ee728b) (PreviewImporter) -> (artifact id: '8d86da5a0f9cc1d0cab77c99251da409') in 0.00560825 seconds
Number of updated asset objects reloaded before import = 0Number of asset objects unloaded after import = 2

========================================================================
Received Import Request.
  Time since last request: 0.000129 seconds.
  path: Assets/3D Haven/Free Fantasy Terrain Textures/Textures/512 Resolution/3DH FTT Grass_002 Rocks_001 512.png
  artifactKey: Guid(d26813dc343c7464ba32a4902c04f189) Importer(815301076,1909f56bfc062723c751e8b465ee728b)
Start importing Assets/3D Haven/Free Fantasy Terrain Textures/Textures/512 Resolution/3DH FTT Grass_002 Rocks_001 512.png using Guid(d26813dc343c7464ba32a4902c04f189) Importer(815301076,1909f56bfc062723c751e8b465ee728b) (PreviewImporter) -> (artifact id: '2a44f93d9f834027757feb9dab535407') in 0.004268542 seconds
Number of updated asset objects reloaded before import = 0Number of asset objects unloaded after import = 2

========================================================================
Received Import Request.
  Time since last request: 0.000067 seconds.
  path: Assets/3D Haven/Free Fantasy Terrain Textures/Textures/4K Resolution/3DH FTT ForestGround_001 Grass_002 4K.png
  artifactKey: Guid(a63a3fd22cdf3fb428d912d30e118723) Importer(815301076,1909f56bfc062723c751e8b465ee728b)
Start importing Assets/3D Haven/Free Fantasy Terrain Textures/Textures/4K Resolution/3DH FTT ForestGround_001 Grass_002 4K.png using Guid(a63a3fd22cdf3fb428d912d30e118723) Importer(815301076,1909f56bfc062723c751e8b465ee728b) (PreviewImporter) -> (artifact id: '096d411add68ff9174dc3a4685819dc9') in 0.012466583 seconds
Number of updated asset objects reloaded before import = 0Number of asset objects unloaded after import = 2

========================================================================
Received Import Request.
  Time since last request: 0.000121 seconds.
  path: Assets/3D Haven/Free Fantasy Terrain Textures/Textures/4K Resolution/3DH FTT Grass_002 Dirt_001 4K.png
  artifactKey: Guid(d5db3257846bd8e48afd689cc9b42495) Importer(815301076,1909f56bfc062723c751e8b465ee728b)
Start importing Assets/3D Haven/Free Fantasy Terrain Textures/Textures/4K Resolution/3DH FTT Grass_002 Dirt_001 4K.png using Guid(d5db3257846bd8e48afd689cc9b42495) Importer(815301076,1909f56bfc062723c751e8b465ee728b) (PreviewImporter) -> (artifact id: '202970475ad524e1af8ca2065d5a1489') in 0.014389916 seconds
Number of updated asset objects reloaded before import = 0Number of asset objects unloaded after import = 2

========================================================================
Received Import Request.
  Time since last request: 0.803284 seconds.
  path: Assets/3D Haven/Free Fantasy Terrain Textures/Textures/2K Resolution/3DH FTT Path_001 Abandoned_002 2K.png
  artifactKey: Guid(84f91327d1aea424896931c311a638bc) Importer(815301076,1909f56bfc062723c751e8b465ee728b)
Start importing Assets/3D Haven/Free Fantasy Terrain Textures/Textures/2K Resolution/3DH FTT Path_001 Abandoned_002 2K.png using Guid(84f91327d1aea424896931c311a638bc) Importer(815301076,1909f56bfc062723c751e8b465ee728b) (PreviewImporter) -> (artifact id: '31346839e1aedf6ae47b7bd3ed377a83') in 0.008510083 seconds
Number of updated asset objects reloaded before import = 0Number of asset objects unloaded after import = 2

========================================================================
Received Import Request.
  Time since last request: 0.000061 seconds.
  path: Assets/3D Haven/Free Fantasy Terrain Textures/Textures/512 Resolution/3DH FTT Path_001 Abandoned_004 512.png
  artifactKey: Guid(eb9a518448715064b9d4a5a0188572a6) Importer(815301076,1909f56bfc062723c751e8b465ee728b)
Start importing Assets/3D Haven/Free Fantasy Terrain Textures/Textures/512 Resolution/3DH FTT Path_001 Abandoned_004 512.png using Guid(eb9a518448715064b9d4a5a0188572a6) Importer(815301076,1909f56bfc062723c751e8b465ee728b) (PreviewImporter) -> (artifact id: '63f7980acb264e4f849a05e39b343822') in 0.004459375 seconds
Number of updated asset objects reloaded before import = 0Number of asset objects unloaded after import = 2

========================================================================
Received Import Request.
  Time since last request: 0.000047 seconds.
  path: Assets/3D Haven/Free Fantasy Terrain Textures/Textures/1K Resolution/3DH FTT Path_001 ForestGround_001 1K.png
  artifactKey: Guid(5679d41979997c2489dc93c283f62505) Importer(815301076,1909f56bfc062723c751e8b465ee728b)
Start importing Assets/3D Haven/Free Fantasy Terrain Textures/Textures/1K Resolution/3DH FTT Path_001 ForestGround_001 1K.png using Guid(5679d41979997c2489dc93c283f62505) Importer(815301076,1909f56bfc062723c751e8b465ee728b) (PreviewImporter) -> (artifact id: '8ff60ceda44a7b8538cbd4ae30618f41') in 0.005277708 seconds
Number of updated asset objects reloaded before import = 0Number of asset objects unloaded after import = 2

========================================================================
Received Import Request.
  Time since last request: 0.000075 seconds.
  path: Assets/3D Haven/Free Fantasy Terrain Textures/Textures/1K Resolution/3DH FTT Path_001 Abandoned_004 1K.png
  artifactKey: Guid(c5f895b6ca1a7ad4c85b14534bf254ae) Importer(815301076,1909f56bfc062723c751e8b465ee728b)
Start importing Assets/3D Haven/Free Fantasy Terrain Textures/Textures/1K Resolution/3DH FTT Path_001 Abandoned_004 1K.png using Guid(c5f895b6ca1a7ad4c85b14534bf254ae) Importer(815301076,1909f56bfc062723c751e8b465ee728b) (PreviewImporter) -> (artifact id: 'cd30d8584791c860b1b9a4166be965e5') in 0.008183208 seconds
Number of updated asset objects reloaded before import = 0Number of asset objects unloaded after import = 2

========================================================================
Received Import Request.
  Time since last request: 0.000242 seconds.
  path: Assets/3D Haven/Free Fantasy Terrain Textures/Textures/2K Resolution/3DH FTT Path_001 ForestGround_001 2K.png
  artifactKey: Guid(5fc895f5044dd9f46a5ec9e4725cf3a2) Importer(815301076,1909f56bfc062723c751e8b465ee728b)
Start importing Assets/3D Haven/Free Fantasy Terrain Textures/Textures/2K Resolution/3DH FTT Path_001 ForestGround_001 2K.png using Guid(5fc895f5044dd9f46a5ec9e4725cf3a2) Importer(815301076,1909f56bfc062723c751e8b465ee728b) (PreviewImporter) -> (artifact id: '8335c567ab07ccb7b78bd2ca4e6c3113') in 0.007182167 seconds
Number of updated asset objects reloaded before import = 0Number of asset objects unloaded after import = 2

========================================================================
Received Import Request.
  Time since last request: 0.382788 seconds.
  path: Assets/3D Haven/Free Fantasy Terrain Textures/Textures/4K Resolution/3DH FTT Path_001 ForestGround_001 4K.png
  artifactKey: Guid(efb783bc65054ca418428b0b850bba4a) Importer(815301076,1909f56bfc062723c751e8b465ee728b)
Start importing Assets/3D Haven/Free Fantasy Terrain Textures/Textures/4K Resolution/3DH FTT Path_001 ForestGround_001 4K.png using Guid(efb783bc65054ca418428b0b850bba4a) Importer(815301076,1909f56bfc062723c751e8b465ee728b) (PreviewImporter) -> (artifact id: '629761bf5c7998ab39805a34c993d5ba') in 0.013264792 seconds
Number of updated asset objects reloaded before import = 0Number of asset objects unloaded after import = 2

========================================================================
Received Import Request.
  Time since last request: 0.000086 seconds.
  path: Assets/3D Haven/Free Fantasy Terrain Textures/Textures/4K Resolution/3DH FTT Rocks_001 4K.png
  artifactKey: Guid(85937c66045c1b440adcc47be41c48b4) Importer(815301076,1909f56bfc062723c751e8b465ee728b)
Start importing Assets/3D Haven/Free Fantasy Terrain Textures/Textures/4K Resolution/3DH FTT Rocks_001 4K.png using Guid(85937c66045c1b440adcc47be41c48b4) Importer(815301076,1909f56bfc062723c751e8b465ee728b) (PreviewImporter) -> (artifact id: 'd9ea6922e9a3d27e821044063e00178c') in 0.012184208 seconds
Number of updated asset objects reloaded before import = 0Number of asset objects unloaded after import = 2

========================================================================
Received Import Request.
  Time since last request: 0.000049 seconds.
  path: Assets/3D Haven/Free Fantasy Terrain Textures/Textures/4K Resolution/3DH FTT Path_001 Sand_001 4K.png
  artifactKey: Guid(b1962410be199aa42a6d9b3e59353d1c) Importer(815301076,1909f56bfc062723c751e8b465ee728b)
Start importing Assets/3D Haven/Free Fantasy Terrain Textures/Textures/4K Resolution/3DH FTT Path_001 Sand_001 4K.png using Guid(b1962410be199aa42a6d9b3e59353d1c) Importer(815301076,1909f56bfc062723c751e8b465ee728b) (PreviewImporter) -> (artifact id: '0dc317e94a7e1926163f0eda4580d2c6') in 0.013151125 seconds
Number of updated asset objects reloaded before import = 0Number of asset objects unloaded after import = 2

========================================================================
Received Import Request.
  Time since last request: 0.059751 seconds.
  path: Assets/3D Haven/Free Fantasy Terrain Textures/Textures/512 Resolution/3DH FTT Rocks_001 512.png
  artifactKey: Guid(7198870afb04d514d9c69bf52fe69607) Importer(815301076,1909f56bfc062723c751e8b465ee728b)
Start importing Assets/3D Haven/Free Fantasy Terrain Textures/Textures/512 Resolution/3DH FTT Rocks_001 512.png using Guid(7198870afb04d514d9c69bf52fe69607) Importer(815301076,1909f56bfc062723c751e8b465ee728b) (PreviewImporter) -> (artifact id: '181a13e8e8230d4a3709194499f747a3') in 0.004794542 seconds
Number of updated asset objects reloaded before import = 0Number of asset objects unloaded after import = 2

========================================================================
Received Import Request.
  Time since last request: 0.000052 seconds.
  path: Assets/3D Haven/Free Fantasy Terrain Textures/Textures/512 Resolution/3DH FTT Sand_001 512.png
  artifactKey: Guid(1b3558d9b96ee5c49a97c609630d03d6) Importer(815301076,1909f56bfc062723c751e8b465ee728b)
Start importing Assets/3D Haven/Free Fantasy Terrain Textures/Textures/512 Resolution/3DH FTT Sand_001 512.png using Guid(1b3558d9b96ee5c49a97c609630d03d6) Importer(815301076,1909f56bfc062723c751e8b465ee728b) (PreviewImporter) -> (artifact id: '27b201ac0fc3aba6f6dc74ce94900dc7') in 0.003856083 seconds
Number of updated asset objects reloaded before import = 0Number of asset objects unloaded after import = 2

========================================================================
Received Import Request.
  Time since last request: 0.000053 seconds.
  path: Assets/3D Haven/Free Fantasy Terrain Textures/Textures/4K Resolution/3DH FTT Rocks_001_Mossy 4K.png
  artifactKey: Guid(dfee535dc2aefbc4da8c07cd8f8a7c47) Importer(815301076,1909f56bfc062723c751e8b465ee728b)
Start importing Assets/3D Haven/Free Fantasy Terrain Textures/Textures/4K Resolution/3DH FTT Rocks_001_Mossy 4K.png using Guid(dfee535dc2aefbc4da8c07cd8f8a7c47) Importer(815301076,1909f56bfc062723c751e8b465ee728b) (PreviewImporter) -> (artifact id: '2e67a385cf421c3ff91b7f253b114577') in 0.011537291 seconds
Number of updated asset objects reloaded before import = 0Number of asset objects unloaded after import = 2

========================================================================
Received Import Request.
  Time since last request: 0.000050 seconds.
  path: Assets/3D Haven/Free Fantasy Terrain Textures/Textures/2K Resolution/3DH FTT Rocks_001_Mossy 2K.png
  artifactKey: Guid(076fa9785d5e5374990495e8fa7f052e) Importer(815301076,1909f56bfc062723c751e8b465ee728b)
Start importing Assets/3D Haven/Free Fantasy Terrain Textures/Textures/2K Resolution/3DH FTT Rocks_001_Mossy 2K.png using Guid(076fa9785d5e5374990495e8fa7f052e) Importer(815301076,1909f56bfc062723c751e8b465ee728b) (PreviewImporter) -> (artifact id: '1e47a98a756784f7ddf0a084d50b0d59') in 0.006915667 seconds
Number of updated asset objects reloaded before import = 0Number of asset objects unloaded after import = 2

========================================================================
Received Import Request.
  Time since last request: 0.000048 seconds.
  path: Assets/3D Haven/Free Fantasy Terrain Textures/Textures/4K Resolution/3DH FTT Sand_001 4K.png
  artifactKey: Guid(768ad8bfcbc1e8442a9ee18e7353fbc2) Importer(815301076,1909f56bfc062723c751e8b465ee728b)
Start importing Assets/3D Haven/Free Fantasy Terrain Textures/Textures/4K Resolution/3DH FTT Sand_001 4K.png using Guid(768ad8bfcbc1e8442a9ee18e7353fbc2) Importer(815301076,1909f56bfc062723c751e8b465ee728b) (PreviewImporter) -> (artifact id: '1819b4eb49e530a2ef57b2cb32bb7d5e') in 0.017110375 seconds
Number of updated asset objects reloaded before import = 0Number of asset objects unloaded after import = 2

========================================================================
Received Import Request.
  Time since last request: 0.411449 seconds.
  path: Assets/3D Haven/Free Fantasy Terrain Textures/Demo/Terrains/Terrain 1-2-0.asset
  artifactKey: Guid(128cb37433d6e954aa5afc7f25cdfedd) Importer(815301076,1909f56bfc062723c751e8b465ee728b)
Start importing Assets/3D Haven/Free Fantasy Terrain Textures/Demo/Terrains/Terrain 1-2-0.asset using Guid(128cb37433d6e954aa5afc7f25cdfedd) Importer(815301076,1909f56bfc062723c751e8b465ee728b) (PreviewImporter) -> (artifact id: '542d97492f18686880ded1e7819ee3a5') in 0.028926625 seconds
Number of updated asset objects reloaded before import = 0Number of asset objects unloaded after import = 5

========================================================================
Received Import Request.
  Time since last request: 0.000036 seconds.
  path: Assets/3D Haven/Free Fantasy Terrain Textures/Demo/Terrains/Terrain 0-1-0.asset
  artifactKey: Guid(43b36f3e59109914f99173ea94b34b5c) Importer(815301076,1909f56bfc062723c751e8b465ee728b)
Start importing Assets/3D Haven/Free Fantasy Terrain Textures/Demo/Terrains/Terrain 0-1-0.asset using Guid(43b36f3e59109914f99173ea94b34b5c) Importer(815301076,1909f56bfc062723c751e8b465ee728b) (PreviewImporter) -> (artifact id: 'd82982c35b9b837167bc7c3a8c4ae876') in 0.020980375 seconds
Number of updated asset objects reloaded before import = 0Number of asset objects unloaded after import = 5

========================================================================
Received Import Request.
  Time since last request: 0.000056 seconds.
  path: Assets/3D Haven/Free Fantasy Terrain Textures/Demo/Terrains/Terrain 1-1-0.asset
  artifactKey: Guid(74469bdac0391564fa403d51e46e2e8f) Importer(815301076,1909f56bfc062723c751e8b465ee728b)
Start importing Assets/3D Haven/Free Fantasy Terrain Textures/Demo/Terrains/Terrain 1-1-0.asset using Guid(74469bdac0391564fa403d51e46e2e8f) Importer(815301076,1909f56bfc062723c751e8b465ee728b) (PreviewImporter) -> (artifact id: 'cd1ba9a592cd34fd5b158986c60d9917') in 0.020995959 seconds
Number of updated asset objects reloaded before import = 0Number of asset objects unloaded after import = 5

========================================================================
Received Import Request.
  Time since last request: 0.000049 seconds.
  path: Assets/3D Haven/Free Fantasy Terrain Textures/Demo/Terrains/Terrain 0-3-0.asset
  artifactKey: Guid(6857886253ab0384c855b62da79b22af) Importer(815301076,1909f56bfc062723c751e8b465ee728b)
Start importing Assets/3D Haven/Free Fantasy Terrain Textures/Demo/Terrains/Terrain 0-3-0.asset using Guid(6857886253ab0384c855b62da79b22af) Importer(815301076,1909f56bfc062723c751e8b465ee728b) (PreviewImporter) -> (artifact id: '0e4d2a22e6a2194609b1e329ac95fca8') in 0.0201455 seconds
Number of updated asset objects reloaded before import = 0Number of asset objects unloaded after import = 5

========================================================================
Received Import Request.
  Time since last request: 0.000069 seconds.
  path: Assets/3D Haven/Free Fantasy Terrain Textures/Demo/Terrains/Terrain 2-2-0.asset
  artifactKey: Guid(7e038da9be4283c428ff52333a38fac3) Importer(815301076,1909f56bfc062723c751e8b465ee728b)
Start importing Assets/3D Haven/Free Fantasy Terrain Textures/Demo/Terrains/Terrain 2-2-0.asset using Guid(7e038da9be4283c428ff52333a38fac3) Importer(815301076,1909f56bfc062723c751e8b465ee728b) (PreviewImporter) -> (artifact id: '20fa601d149d12fb52a8c1ca7f456505') in 0.021598917 seconds
Number of updated asset objects reloaded before import = 0Number of asset objects unloaded after import = 5

========================================================================
Received Import Request.
  Time since last request: 3379.019116 seconds.
  path: Assets/NewLayer.terrainlayer
  artifactKey: Guid(2adf3eee725964cd3a2f399bdd32f45b) Importer(815301076,1909f56bfc062723c751e8b465ee728b)
Start importing Assets/NewLayer.terrainlayer using Guid(2adf3eee725964cd3a2f399bdd32f45b) Importer(815301076,1909f56bfc062723c751e8b465ee728b) (PreviewImporter) -> (artifact id: 'cb391e0908fb4ee0f17911786371121a') in 0.093699792 seconds
Number of updated asset objects reloaded before import = 0Number of asset objects unloaded after import = 2

